<?xml version="1.0" encoding="UTF-8"?>
<!-- Generated by org.testng.reporters.JUnitReportReporter -->
<testsuite skipped="0" hostname="ANIL-PC" name="testCases.TC001" tests="7" failures="0" timestamp="24 Nov 2019 14:58:14 GMT" time="0.234" errors="0">
  <testcase name="checkstatusCode" time="0.003" classname="testCases.TC001"/>
  <testcase name="responseBody" time="0.136" classname="testCases.TC001"/>
  <testcase name="checkResponseTime" time="0.005" classname="testCases.TC001"/>
  <testcase name="checkServerType" time="0.003" classname="testCases.TC001"/>
  <testcase name="checkContentType" time="0.021" classname="testCases.TC001"/>
  <testcase name="checkcontentEncoding" time="0.062" classname="testCases.TC001"/>
  <testcase name="checkStatusLine" time="0.004" classname="testCases.TC001"/>
</testsuite> <!-- testCases.TC001 -->
